<?xml version="1.0" encoding="UTF-8"?>
<!-- Generated by org.testng.reporters.JUnitReportReporter -->
<testsuite skipped="0" hostname="DESKTOP-H84OQQP" name="com.class10.test" tests="1" failures="0" timestamp="29 May 2019 00:04:55 GMT" time="0.016" errors="0">
  <testcase name="helloWorld" time="0.016" classname="com.class10.test"/>
</testsuite> <!-- com.class10.test -->
