<?xml version="1.0" encoding="UTF-8"?>
<!-- Generated by org.testng.reporters.JUnitReportReporter -->
<testsuite skipped="0" hostname="DESKTOP-H84OQQP" name="com.class12.BrokenLinks" tests="1" failures="0" timestamp="02 Jun 2019 16:46:50 GMT" time="12.777" errors="0">
  <testcase name="brokenlinksVerification" time="12.777" classname="com.class12.BrokenLinks"/>
</testsuite> <!-- com.class12.BrokenLinks -->
