<?xml version="1.0" encoding="UTF-8"?>
<!-- Generated by org.testng.reporters.JUnitReportReporter -->
<testsuite skipped="0" hostname="DESKTOP-H84OQQP" name="com.class12.ReaingPropertyFile" tests="1" failures="0" timestamp="02 Jun 2019 17:50:12 GMT" time="8.353" errors="0">
  <testcase name="readFile" time="8.353" classname="com.class12.ReaingPropertyFile"/>
</testsuite> <!-- com.class12.ReaingPropertyFile -->
